<?xml version="1.0" encoding="UTF-8"?>
<!-- Generated by org.testng.reporters.JUnitReportReporter -->
<testsuite skipped="0" hostname="ZZroutsu01" name="com.demo.selenium.MyTest" tests="3" failures="0" timestamp="26 Feb 2020 09:45:09 GMT" time="0.031" errors="0">
  <testcase name="testOne" time="0.025" classname="com.demo.selenium.MyTest"/>
  <testcase name="testTwo" time="0.002" classname="com.demo.selenium.MyTest"/>
  <testcase name="testThree" time="0.004" classname="com.demo.selenium.MyTest"/>
</testsuite> <!-- com.demo.selenium.MyTest -->
