<?xml version="1.0" encoding="UTF-8"?>
<!-- Generated by org.testng.reporters.JUnitReportReporter -->
<testsuite skipped="0" hostname="ZZroutsu01" name="com.demo.selenium.MyTest" tests="1" failures="0" timestamp="25 Feb 2020 12:25:57 GMT" time="39.246" errors="0">
  <testcase name="verifyHomepageTitle" time="39.246" classname="com.demo.selenium.MyTest"/>
</testsuite> <!-- com.demo.selenium.MyTest -->
